Using pre-set license
Built from '2020.3/staging' branch; Version is '2020.3.11f1 (99c7afb366b3) revision 10078127'; Using compiler version '192528614'; Build Type 'Release'
OS: 'Windows 10 Education; OS build 19042.1348; Version 2009; 64bit' Language: 'tr' Physical Memory: 16322 MB
BatchMode: 1, IsHumanControllingUs: 0, StartBugReporterOnCrash: 0, Is64bit: 1, IsPro: 0

 COMMAND LINE ARGUMENTS:
C:\Program Files\Unity\Hub\Editor\2020.3.11f1\Editor\Unity.exe
-adb2
-batchMode
-noUpm
-name
AssetImportWorker0
-projectPath
C:/workspaces/Unity/easter-egg
-logFile
Logs/AssetImportWorker0.log
-srvPort
57581
Successfully changed project path to: C:/workspaces/Unity/easter-egg
C:/workspaces/Unity/easter-egg
Using Asset Import Pipeline V2.
Refreshing native plugins compatible for Editor in 62.01 ms, found 5 plugins.
Preloading 0 native plugins for Editor in 0.00 ms.
Initialize engine version: 2020.3.11f1 (99c7afb366b3)
[Subsystems] Discovering subsystems at path C:/Program Files/Unity/Hub/Editor/2020.3.11f1/Editor/Data/Resources/UnitySubsystems
[Subsystems] Discovering subsystems at path C:/workspaces/Unity/easter-egg/Assets
GfxDevice: creating device client; threaded=0
Direct3D:
    Version:  Direct3D 11.0 [level 11.1]
    Renderer: NVIDIA GeForce RTX 2070 (ID=0x1f07)
    Vendor:   
    VRAM:     8031 MB
    Driver:   30.0.14.7141
Shader 'Universal Render Pipeline/Particles/Lit': fallback shader 'Universal Render Pipeline/Particles/SimpleLit' not found
Initialize mono
Mono path[0] = 'C:/Program Files/Unity/Hub/Editor/2020.3.11f1/Editor/Data/Managed'
Mono path[1] = 'C:/Program Files/Unity/Hub/Editor/2020.3.11f1/Editor/Data/MonoBleedingEdge/lib/mono/unityjit'
Mono config path = 'C:/Program Files/Unity/Hub/Editor/2020.3.11f1/Editor/Data/MonoBleedingEdge/etc'
Using monoOptions --debugger-agent=transport=dt_socket,embedding=1,server=y,suspend=n,address=127.0.0.1:56392
Begin MonoManager ReloadAssembly
Registering precompiled unity dll's ...
Register platform support module: C:/Program Files/Unity/Hub/Editor/2020.3.11f1/Editor/Data/PlaybackEngines/WebGLSupport/UnityEditor.WebGL.Extensions.dll
Register platform support module: C:/Program Files/Unity/Hub/Editor/2020.3.11f1/Editor/Data/PlaybackEngines/WindowsStandaloneSupport/UnityEditor.WindowsStandalone.Extensions.dll
Registered in 0.002524 seconds.
Native extension for WindowsStandalone target not found
Native extension for WebGL target not found
Refreshing native plugins compatible for Editor in 48.84 ms, found 5 plugins.
Preloading 0 native plugins for Editor in 0.00 ms.
Mono: successfully reloaded assembly
- Completed reload, in  1.112 seconds
Platform modules already initialized, skipping
Registering precompiled user dll's ...
Registered in 0.005750 seconds.
Begin MonoManager ReloadAssembly
Native extension for WindowsStandalone target not found
Native extension for WebGL target not found
Refreshing native plugins compatible for Editor in 49.28 ms, found 5 plugins.
Preloading 0 native plugins for Editor in 0.00 ms.
Mono: successfully reloaded assembly
- Completed reload, in  0.999 seconds
Platform modules already initialized, skipping
========================================================================
Worker process is ready to serve import requests
Shader 'Universal Render Pipeline/Particles/Lit': fallback shader 'Universal Render Pipeline/Particles/SimpleLit' not found
Launched and connected shader compiler UnityShaderCompiler.exe after 0.04 seconds
Refreshing native plugins compatible for Editor in 0.62 ms, found 5 plugins.
Preloading 0 native plugins for Editor in 0.00 ms.
Unloading 3125 Unused Serialized files (Serialized files now loaded: 0)
System memory in use before: 172.1 MB.
System memory in use after: 172.3 MB.

Unloading 31 unused Assets to reduce memory usage. Loaded Objects now: 3555.
Total: 3.091000 ms (FindLiveObjects: 0.307000 ms CreateObjectMapping: 0.590100 ms MarkObjects: 2.062500 ms  DeleteObjects: 0.130400 ms)

========================================================================
Received Prepare
Registering precompiled user dll's ...
Registered in 0.007159 seconds.
Begin MonoManager ReloadAssembly
Native extension for WindowsStandalone target not found
Native extension for WebGL target not found
Refreshing native plugins compatible for Editor in 52.04 ms, found 6 plugins.
Preloading 0 native plugins for Editor in 0.00 ms.
Mono: successfully reloaded assembly
- Completed reload, in  0.945 seconds
Platform modules already initialized, skipping
Shader 'Universal Render Pipeline/Particles/Lit': fallback shader 'Universal Render Pipeline/Particles/SimpleLit' not found
Refreshing native plugins compatible for Editor in 0.56 ms, found 6 plugins.
Preloading 0 native plugins for Editor in 0.00 ms.
Unloading 3018 Unused Serialized files (Serialized files now loaded: 0)
System memory in use before: 161.2 MB.
System memory in use after: 160.1 MB.

Unloading 39 unused Assets to reduce memory usage. Loaded Objects now: 3591.
Total: 3.174000 ms (FindLiveObjects: 0.256900 ms CreateObjectMapping: 0.131700 ms MarkObjects: 1.863300 ms  DeleteObjects: 0.921000 ms)

========================================================================
Received Import Request.
  path: Assets/Chocolate Simulation-4.abc
  artifactKey: Guid(4e896d46a32660f4194237e3a4e581f0) Importer(815301076,1909f56bfc062723c751e8b465ee728b)
Start importing Assets/Chocolate Simulation-4.abc using Guid(4e896d46a32660f4194237e3a4e581f0) Importer(815301076,1909f56bfc062723c751e8b465ee728b)  -> (artifact id: '040f85e1cc5c89dc3234278219e91f1e') in 0.156930 seconds
  Import took 0.162110 seconds .

========================================================================
Received Import Request.
  Time since last request: 2.584747 seconds.
  path: Assets/Chocolate Simulation-4.abc
  artifactKey: Guid(4e896d46a32660f4194237e3a4e581f0) Importer(815301076,1909f56bfc062723c751e8b465ee728b)
Start importing Assets/Chocolate Simulation-4.abc using Guid(4e896d46a32660f4194237e3a4e581f0) Importer(815301076,1909f56bfc062723c751e8b465ee728b)  -> (artifact id: 'e6be8c9ab668c70f12e234c448330192') in 0.031990 seconds
  Import took 0.037631 seconds .

========================================================================
Received Import Request.
  Time since last request: 117.950213 seconds.
  path: Assets/Chocolate Simulation-4Timeline.playable
  artifactKey: Guid(d81e4da4a3fc4f64ba5b07d15ccfa834) Importer(815301076,1909f56bfc062723c751e8b465ee728b)
Start importing Assets/Chocolate Simulation-4Timeline.playable using Guid(d81e4da4a3fc4f64ba5b07d15ccfa834) Importer(815301076,1909f56bfc062723c751e8b465ee728b)  -> (artifact id: 'a7391c355a6456cc9abadb8a78183ef3') in 0.005009 seconds
  Import took 0.009285 seconds .

========================================================================
Received Prepare
Registering precompiled user dll's ...
Registered in 0.006065 seconds.
Begin MonoManager ReloadAssembly
Native extension for WindowsStandalone target not found
Native extension for WebGL target not found
Refreshing native plugins compatible for Editor in 0.78 ms, found 6 plugins.
Preloading 0 native plugins for Editor in 0.00 ms.
Mono: successfully reloaded assembly
- Completed reload, in  1.017 seconds
Platform modules already initialized, skipping
Shader 'Universal Render Pipeline/Particles/Lit': fallback shader 'Universal Render Pipeline/Particles/SimpleLit' not found
Refreshing native plugins compatible for Editor in 0.54 ms, found 6 plugins.
Preloading 0 native plugins for Editor in 0.00 ms.
Unloading 3018 Unused Serialized files (Serialized files now loaded: 0)
System memory in use before: 164.6 MB.
System memory in use after: 164.0 MB.

Unloading 36 unused Assets to reduce memory usage. Loaded Objects now: 3640.
Total: 2.501300 ms (FindLiveObjects: 0.256900 ms CreateObjectMapping: 0.132600 ms MarkObjects: 1.589500 ms  DeleteObjects: 0.521100 ms)

========================================================================
Received Prepare
Registering precompiled user dll's ...
Registered in 0.005786 seconds.
Begin MonoManager ReloadAssembly
Native extension for WindowsStandalone target not found
Native extension for WebGL target not found
Refreshing native plugins compatible for Editor in 0.65 ms, found 6 plugins.
Preloading 0 native plugins for Editor in 0.00 ms.
Mono: successfully reloaded assembly
- Completed reload, in  0.883 seconds
Platform modules already initialized, skipping
Shader 'Universal Render Pipeline/Particles/Lit': fallback shader 'Universal Render Pipeline/Particles/SimpleLit' not found
Refreshing native plugins compatible for Editor in 0.54 ms, found 6 plugins.
Preloading 0 native plugins for Editor in 0.00 ms.
Unloading 3015 Unused Serialized files (Serialized files now loaded: 0)
System memory in use before: 164.3 MB.
System memory in use after: 163.7 MB.

Unloading 36 unused Assets to reduce memory usage. Loaded Objects now: 3643.
Total: 2.890200 ms (FindLiveObjects: 0.254500 ms CreateObjectMapping: 0.130400 ms MarkObjects: 1.865400 ms  DeleteObjects: 0.639100 ms)

========================================================================
Received Import Request.
  Time since last request: 1299.341696 seconds.
  path: Assets/Chocolate Simulation-5.abc
  artifactKey: Guid(ca8a65c11e18d3b4c934a23ae8a5789a) Importer(815301076,1909f56bfc062723c751e8b465ee728b)
Start importing Assets/Chocolate Simulation-5.abc using Guid(ca8a65c11e18d3b4c934a23ae8a5789a) Importer(815301076,1909f56bfc062723c751e8b465ee728b)  -> (artifact id: '8bec1b370e0bf34d8c32a2a9bfe5ed5f') in 0.096689 seconds
  Import took 0.101176 seconds .

========================================================================
Received Import Request.
  Time since last request: 0.005561 seconds.
  path: Assets/Chocolate Simulation-5.abc
  artifactKey: Guid(ca8a65c11e18d3b4c934a23ae8a5789a) Importer(815301076,1909f56bfc062723c751e8b465ee728b)
Start importing Assets/Chocolate Simulation-5.abc using Guid(ca8a65c11e18d3b4c934a23ae8a5789a) Importer(815301076,1909f56bfc062723c751e8b465ee728b)  -> (artifact id: '8bec1b370e0bf34d8c32a2a9bfe5ed5f') in 0.016859 seconds
  Import took 0.021159 seconds .

========================================================================
Received Import Request.
  Time since last request: 2.921153 seconds.
  path: Assets/Chocolate Simulation-5.abc
  artifactKey: Guid(ca8a65c11e18d3b4c934a23ae8a5789a) Importer(815301076,1909f56bfc062723c751e8b465ee728b)
Start importing Assets/Chocolate Simulation-5.abc using Guid(ca8a65c11e18d3b4c934a23ae8a5789a) Importer(815301076,1909f56bfc062723c751e8b465ee728b)  -> (artifact id: '58ee51d800f69e843329fef6a9bfd089') in 0.022040 seconds
  Import took 0.026301 seconds .

========================================================================
Received Import Request.
  Time since last request: 19.693571 seconds.
  path: Assets/Chocolate Simulation-5.abc
  artifactKey: Guid(ca8a65c11e18d3b4c934a23ae8a5789a) Importer(815301076,1909f56bfc062723c751e8b465ee728b)
Start importing Assets/Chocolate Simulation-5.abc using Guid(ca8a65c11e18d3b4c934a23ae8a5789a) Importer(815301076,1909f56bfc062723c751e8b465ee728b)  -> (artifact id: 'f908a2044324ea14377fc097cb641cc5') in 0.016924 seconds
  Import took 0.021304 seconds .

========================================================================
Received Import Request.
  Time since last request: 27.093450 seconds.
  path: Assets/Chocolate Simulation-5.abc
  artifactKey: Guid(ca8a65c11e18d3b4c934a23ae8a5789a) Importer(815301076,1909f56bfc062723c751e8b465ee728b)
Start importing Assets/Chocolate Simulation-5.abc using Guid(ca8a65c11e18d3b4c934a23ae8a5789a) Importer(815301076,1909f56bfc062723c751e8b465ee728b)  -> (artifact id: '6fa570aa71047059eb2847c3d54f3b91') in 0.019022 seconds
  Import took 0.023656 seconds .

========================================================================
Received Prepare
Registering precompiled user dll's ...
Registered in 0.005933 seconds.
Begin MonoManager ReloadAssembly
Native extension for WindowsStandalone target not found
Native extension for WebGL target not found
Refreshing native plugins compatible for Editor in 0.54 ms, found 6 plugins.
Preloading 0 native plugins for Editor in 0.00 ms.
Mono: successfully reloaded assembly
- Completed reload, in  0.867 seconds
Platform modules already initialized, skipping
Shader 'Universal Render Pipeline/Particles/Lit': fallback shader 'Universal Render Pipeline/Particles/SimpleLit' not found
Refreshing native plugins compatible for Editor in 0.56 ms, found 6 plugins.
Preloading 0 native plugins for Editor in 0.00 ms.
Unloading 3015 Unused Serialized files (Serialized files now loaded: 0)
System memory in use before: 164.4 MB.
System memory in use after: 163.8 MB.

Unloading 36 unused Assets to reduce memory usage. Loaded Objects now: 3647.
Total: 3.039500 ms (FindLiveObjects: 0.310400 ms CreateObjectMapping: 0.156100 ms MarkObjects: 1.920000 ms  DeleteObjects: 0.652000 ms)

========================================================================
Received Prepare
Registering precompiled user dll's ...
Registered in 0.005913 seconds.
Begin MonoManager ReloadAssembly
Native extension for WindowsStandalone target not found
Native extension for WebGL target not found
Refreshing native plugins compatible for Editor in 0.54 ms, found 6 plugins.
Preloading 0 native plugins for Editor in 0.00 ms.
Mono: successfully reloaded assembly
- Completed reload, in  0.879 seconds
Platform modules already initialized, skipping
Shader 'Universal Render Pipeline/Particles/Lit': fallback shader 'Universal Render Pipeline/Particles/SimpleLit' not found
Refreshing native plugins compatible for Editor in 0.54 ms, found 6 plugins.
Preloading 0 native plugins for Editor in 0.00 ms.
Unloading 3015 Unused Serialized files (Serialized files now loaded: 0)
System memory in use before: 164.4 MB.
System memory in use after: 163.8 MB.

Unloading 36 unused Assets to reduce memory usage. Loaded Objects now: 3650.
Total: 2.740800 ms (FindLiveObjects: 0.251900 ms CreateObjectMapping: 0.124300 ms MarkObjects: 1.725100 ms  DeleteObjects: 0.638700 ms)

========================================================================
Received Import Request.
  Time since last request: 2819.115298 seconds.
  path: Assets/Chocolate Simulation.abc
  artifactKey: Guid(7dce7889d9a187646a957b0f902f706d) Importer(815301076,1909f56bfc062723c751e8b465ee728b)
Start importing Assets/Chocolate Simulation.abc using Guid(7dce7889d9a187646a957b0f902f706d) Importer(815301076,1909f56bfc062723c751e8b465ee728b)  -> (artifact id: '56863426f47fde221570e1b28591a125') in 0.122412 seconds
  Import took 0.128767 seconds .

========================================================================
Received Import Request.
  Time since last request: 60.884154 seconds.
  path: Assets/Chocolate Simulation.abc
  artifactKey: Guid(7dce7889d9a187646a957b0f902f706d) Importer(815301076,1909f56bfc062723c751e8b465ee728b)
Start importing Assets/Chocolate Simulation.abc using Guid(7dce7889d9a187646a957b0f902f706d) Importer(815301076,1909f56bfc062723c751e8b465ee728b)  -> (artifact id: '2d1f28d187128138e387593f2dd6cbee') in 0.021609 seconds
  Import took 0.026060 seconds .

========================================================================
Received Import Request.
  Time since last request: 0.001619 seconds.
  path: Assets/Chocolate Simulation.abc
  artifactKey: Guid(7dce7889d9a187646a957b0f902f706d) Importer(815301076,1909f56bfc062723c751e8b465ee728b)
Start importing Assets/Chocolate Simulation.abc using Guid(7dce7889d9a187646a957b0f902f706d) Importer(815301076,1909f56bfc062723c751e8b465ee728b)  -> (artifact id: '2d1f28d187128138e387593f2dd6cbee') in 0.043322 seconds
  Import took 0.047376 seconds .

========================================================================
Received Import Request.
  Time since last request: 2.880374 seconds.
  path: Assets/Chocolate Simulation.abc
  artifactKey: Guid(7dce7889d9a187646a957b0f902f706d) Importer(815301076,1909f56bfc062723c751e8b465ee728b)
Start importing Assets/Chocolate Simulation.abc using Guid(7dce7889d9a187646a957b0f902f706d) Importer(815301076,1909f56bfc062723c751e8b465ee728b)  -> (artifact id: '42054b9a0a3cd6afce228fd4831540d7') in 0.016042 seconds
  Import took 0.020436 seconds .

========================================================================
Received Import Request.
  Time since last request: 11.785744 seconds.
  path: Assets/Chocolate Simulation.abc
  artifactKey: Guid(7dce7889d9a187646a957b0f902f706d) Importer(815301076,1909f56bfc062723c751e8b465ee728b)
Start importing Assets/Chocolate Simulation.abc using Guid(7dce7889d9a187646a957b0f902f706d) Importer(815301076,1909f56bfc062723c751e8b465ee728b)  -> (artifact id: '145c5d634ce9154d487573c7cca1d3c3') in 0.020437 seconds
  Import took 0.024394 seconds .

